\BOOKMARK [0][-]{chapter.1}{\376\377\004\036\004\061\004\111\004\070\004\065\000\040\004\101\004\062\004\065\004\064\004\065\004\075\004\070\004\117}{}% 1
\BOOKMARK [1][-]{section.1.1}{\376\377\004\032\004\076\004\074\004\077\004\073\004\065\004\072\004\102\000\040\004\077\004\076\004\101\004\102\004\060\004\062\004\072\004\070}{chapter.1}% 2
\BOOKMARK [1][-]{section.1.2}{\376\377\004\042\004\065\004\105\004\075\004\070\004\107\004\065\004\101\004\072\004\070\004\065\000\040\004\105\004\060\004\100\004\060\004\072\004\102\004\065\004\100\004\070\004\101\004\102\004\070\004\072\004\070}{chapter.1}% 3
\BOOKMARK [1][-]{section.1.3}{\376\377\004\036\004\061\004\101\004\073\004\103\004\066\004\070\004\062\004\060\004\075\004\070\004\065}{chapter.1}% 4
\BOOKMARK [1][-]{section.1.4}{\376\377\004\045\004\100\004\060\004\075\004\065\004\075\004\070\004\065}{chapter.1}% 5
\BOOKMARK [0][-]{chapter.2}{\376\377\004\037\004\100\004\060\004\062\004\070\004\073\004\060\000\040\004\061\004\065\004\067\004\076\004\077\004\060\004\101\004\075\004\076\004\101\004\102\004\070}{}% 6
\BOOKMARK [1][-]{section.2.1}{\376\377\004\055\004\072\004\101\004\077\004\073\004\103\004\060\004\102\004\060\004\106\004\070\004\076\004\075\004\075\004\113\004\065\000\040\004\076\004\063\004\100\004\060\004\075\004\070\004\107\004\065\004\075\004\070\004\117}{chapter.2}% 7
\BOOKMARK [0][-]{chapter.3}{\376\377\004\021\004\022\004\041}{}% 8
\BOOKMARK [1][-]{section.3.1}{\376\377\004\043\004\067\004\073\004\113\000\040\004\070\000\040\004\064\004\065\004\102\004\060\004\073\004\070}{chapter.3}% 9
\BOOKMARK [1][-]{section.3.2}{\376\377\004\041\004\061\004\076\004\100\004\072\004\060}{chapter.3}% 10
\BOOKMARK [1][-]{section.3.3}{\376\377\004\037\004\060\004\100\004\060\004\110\004\116\004\102\004\075\004\060\004\117\000\040\004\101\004\070\004\101\004\102\004\065\004\074\004\060}{chapter.3}% 11
\BOOKMARK [1][-]{section.3.4}{\376\377\004\043\004\101\004\102\004\060\004\075\004\076\004\062\004\072\004\060\000\040\004\077\004\060\004\100\004\060\004\110\004\116\004\102\004\060\000\040\004\062\000\040\004\021\004\022\004\041}{chapter.3}% 12
\BOOKMARK [0][-]{chapter.4}{\376\377\004\035\004\060\004\101\004\102\004\100\004\076\004\071\004\072\004\060\000\040\004\035\004\041\004\043}{}% 13
\BOOKMARK [1][-]{section.4.1}{\376\377\004\032\004\076\004\074\004\077\004\073\004\065\004\072\004\102}{chapter.4}% 14
\BOOKMARK [1][-]{section.4.2}{\376\377\004\040\004\060\004\067\004\062\004\065\004\100\004\102\004\113\004\062\004\060\004\075\004\070\004\065}{chapter.4}% 15
\BOOKMARK [0][-]{chapter.5}{\376\377\004\037\004\103\004\101\004\072\004\076\004\062\004\060\004\117\000\040\004\103\004\101\004\102\004\060\004\075\004\076\004\062\004\072\004\060}{}% 16
\BOOKMARK [1][-]{section.5.1}{\376\377\004\041\004\061\004\076\004\100\004\072\004\060}{chapter.5}% 17
\BOOKMARK [1][-]{section.5.2}{\376\377\004\037\004\076\004\064\004\063\004\076\004\102\004\076\004\062\004\072\004\060\000\040\004\077\004\103\004\101\004\072\004\076\004\062\004\076\004\071\000\040\004\103\004\101\004\102\004\060\004\075\004\076\004\062\004\072\004\070\000\040\004\072\000\040\004\067\004\060\004\077\004\103\004\101\004\072\004\103\000\040\004\021\004\022\004\041}{chapter.5}% 18
\BOOKMARK [1][-]{section.5.3}{\376\377\004\037\004\100\004\060\004\062\004\070\004\073\004\060\000\040\004\076\004\061\004\100\004\060\004\111\004\065\004\075\004\070\004\117\000\040\004\101\000\040\004\100\004\065\004\067\004\070\004\075\004\076\004\062\004\113\004\074\004\070\000\040\004\066\004\063\004\103\004\102\004\060\004\074\004\070}{chapter.5}% 19
\BOOKMARK [0][-]{chapter.6}{\376\377\004\035\004\060\004\101\004\102\004\100\004\076\004\071\004\072\004\060\000\040\004\104\004\076\004\102\004\076\004\072\004\060\004\074\004\065\004\100\004\113}{}% 20
\BOOKMARK [1][-]{section.6.1}{\376\377\004\035\004\060\004\101\004\102\004\100\004\076\004\071\004\072\004\060\000\040\004\104\004\076\004\102\004\076\004\072\004\060\004\074\004\065\004\100\004\113\000\040\000S\000o\000n\000y\000\040\000A\0006\0000\0000\0000}{chapter.6}% 21
\BOOKMARK [1][-]{section.6.2}{\376\377\004\035\004\060\004\101\004\102\004\100\004\076\004\071\004\072\004\060\000\040\004\104\004\076\004\102\004\076\004\072\004\060\004\074\004\065\004\100\004\113\000\040\000S\000o\000n\000y\000\040\000A\0006\0000\0000\0000\000\040\000N\000I\000R}{chapter.6}% 22
\BOOKMARK [1][-]{section.6.3}{\376\377\004\035\004\060\004\101\004\102\004\100\004\076\004\071\004\072\004\060\000\040\004\072\004\060\004\074\004\065\004\100\004\113\000\040\000S\000o\000n\000y\000\040\000D\000S\000C\000-\000R\000X\0001\000R\000M\0002}{chapter.6}% 23
\BOOKMARK [0][-]{chapter.7}{\376\377\004\027\004\060\004\100\004\117\004\064\004\076\004\065\000\040\004\103\004\101\004\102\004\100\004\076\004\071\004\101\004\102\004\062\004\076\000\040\004\070\000\040\004\020\004\032\004\021}{}% 24
\BOOKMARK [1][-]{section.7.1}{\376\377\004\042\004\065\004\105\004\075\004\070\004\072\004\060\000\040\004\061\004\065\004\067\004\076\004\077\004\060\004\101\004\075\004\076\004\101\004\102\004\070}{chapter.7}% 25
\BOOKMARK [1][-]{section.7.2}{\376\377\004\037\004\100\004\065\004\064\004\062\004\060\004\100\004\070\004\102\004\065\004\073\004\114\004\075\004\113\004\065\000\040\004\075\004\060\004\101\004\102\004\100\004\076\004\071\004\072\004\070\000\040\004\067\004\060\004\100\004\117\004\064\004\075\004\076\004\063\004\076\000\040\004\103\004\101\004\102\004\100\004\076\004\071\004\101\004\102\004\062\004\060}{chapter.7}% 26
\BOOKMARK [1][-]{section.7.3}{\376\377\004\027\004\060\004\100\004\117\004\064\004\072\004\060\000\040\004\020\004\032\004\021}{chapter.7}% 27
\BOOKMARK [1][-]{section.7.4}{\376\377\004\040\004\065\004\072\004\076\004\074\004\065\004\075\004\064\004\060\004\106\004\070\004\070\000\040\004\077\004\076\000\040\004\070\004\101\004\077\004\076\004\073\004\114\004\067\004\076\004\062\004\060\004\075\004\070\004\116\000\040\004\073\004\070\004\102\004\070\004\071\000-\004\077\004\076\004\073\004\070\004\074\004\065\004\100\004\075\004\076\004\071\000\040\000\050\000L\000i\000P\000o\000\051\000\040\004\020\004\032\004\021}{chapter.7}% 28
\BOOKMARK [1][-]{section.7.5}{\376\377\004\037\004\100\004\076\004\062\004\065\004\100\004\072\004\060\000\040\004\070\004\101\004\077\004\100\004\060\004\062\004\075\004\076\004\101\004\102\004\070\000\040\004\020\004\032\004\021}{chapter.7}% 29
\BOOKMARK [1][-]{section.7.6}{\376\377\004\045\004\100\004\060\004\075\004\065\004\075\004\070\004\065\000\040\004\070\000\040\004\100\004\060\004\067\004\100\004\117\004\064}{chapter.7}% 30
\BOOKMARK [1][-]{section.7.7}{\376\377\004\043\004\102\004\070\004\073\004\070\004\067\004\060\004\106\004\070\004\117\000\040\004\020\004\032\004\021}{chapter.7}% 31
\BOOKMARK [0][-]{chapter.8}{\376\377\004\030\004\101\004\077\004\076\004\073\004\114\004\067\004\076\004\062\004\060\004\075\004\070\004\065\000\040\000G\000e\000o\000s\000c\000a\000n\000\040\000P\000l\000a\000n\000n\000e\000r}{}% 32
\BOOKMARK [1][-]{section.8.1}{\376\377\004\037\004\100\004\065\004\064\004\062\004\060\004\100\004\070\004\102\004\065\004\073\004\114\004\075\004\060\004\117\000\040\004\075\004\060\004\101\004\102\004\100\004\076\004\071\004\072\004\060}{chapter.8}% 33
\BOOKMARK [1][-]{section.8.2}{\376\377\004\037\004\100\004\076\004\065\004\072\004\102\004\070\004\100\004\076\004\062\004\060\004\075\004\070\004\065\000\040\004\077\004\076\004\073\004\065\004\102\004\075\004\076\004\063\004\076\000\040\004\067\004\060\004\064\004\060\004\075\004\070\004\117}{chapter.8}% 34
\BOOKMARK [1][-]{section.8.3}{\376\377\004\037\004\073\004\076\004\111\004\060\004\064\004\075\004\060\004\117\000\040\004\060\004\115\004\100\004\076\004\104\004\076\004\102\004\076\004\101\004\112\004\065\004\074\004\072\004\060}{chapter.8}% 35
\BOOKMARK [1][-]{section.8.4}{\376\377\004\033\004\070\004\075\004\065\004\071\004\075\004\060\004\117\000\040\004\060\004\115\004\100\004\076\004\104\004\076\004\102\004\076\004\101\004\112\004\065\004\074\004\072\004\060}{chapter.8}% 36
\BOOKMARK [1][-]{section.8.5}{\376\377\004\037\004\065\004\100\004\065\004\073\004\065\004\102}{chapter.8}% 37
\BOOKMARK [1][-]{section.8.6}{\376\377\004\042\004\076\004\107\004\072\004\060\000\040\004\076\004\066\004\070\004\064\004\060\004\075\004\070\004\117}{chapter.8}% 38
\BOOKMARK [1][-]{section.8.7}{\376\377\004\034\004\060\004\100\004\110\004\100\004\103\004\102\000\040\004\077\004\076\004\101\004\060\004\064\004\072\004\070}{chapter.8}% 39
\BOOKMARK [1][-]{section.8.8}{\376\377\004\037\004\100\004\065\004\064\004\101\004\102\004\060\004\100\004\102\004\076\004\062\004\060\004\117\000\040\004\077\004\076\004\064\004\063\004\076\004\102\004\076\004\062\004\072\004\060}{chapter.8}% 40
\BOOKMARK [1][-]{section.8.9}{\376\377\004\037\004\076\004\073\004\065\004\102}{chapter.8}% 41
\BOOKMARK [0][-]{chapter.9}{\376\377\004\027\004\060\004\077\004\103\004\101\004\072}{}% 42
\BOOKMARK [0][-]{chapter.10}{\376\377\004\037\004\076\004\100\004\117\004\064\004\076\004\072\000\040\004\100\004\060\004\067\004\061\004\076\004\100\004\072\004\070\000\040\004\021\004\022\004\041}{}% 43
